0 info it worked if it ends with ok
1 verbose cli [ 'C:\\Program Files\\nodejs\\node.exe',
1 verbose cli   'C:\\Program Files\\nodejs\\node_modules\\npm\\bin\\npm-cli.js',
1 verbose cli   'install',
1 verbose cli   'open',
1 verbose cli   '@0.0.5' ]
2 info using npm@3.10.10
3 info using node@v6.10.0
4 silly loadCurrentTree Starting
5 silly install loadCurrentTree
6 silly install readLocalPackageData
7 silly fetchPackageMetaData open
8 silly fetchPackageMetaData @0.0.5
9 silly fetchNamedPackageData open
10 silly mapToRegistry name open
11 silly mapToRegistry using default registry
12 silly mapToRegistry registry https://registry.npmjs.org/
13 silly mapToRegistry data Result {
13 silly mapToRegistry   raw: 'open',
13 silly mapToRegistry   scope: null,
13 silly mapToRegistry   escapedName: 'open',
13 silly mapToRegistry   name: 'open',
13 silly mapToRegistry   rawSpec: '',
13 silly mapToRegistry   spec: 'latest',
13 silly mapToRegistry   type: 'tag' }
14 silly mapToRegistry uri https://registry.npmjs.org/open
15 silly fetchOtherPackageData @0.0.5
16 silly cache add args [ '@0.0.5', null ]
17 verbose cache add spec @0.0.5
18 silly cache add parsed spec Result {
18 silly cache add   raw: '@0.0.5',
18 silly cache add   scope: null,
18 silly cache add   escapedName: null,
18 silly cache add   name: null,
18 silly cache add   rawSpec: '@0.0.5',
18 silly cache add   spec: 'E:\\zacarcalculator\\Childcare-Calculator-v2\\src\\@0.0.5',
18 silly cache add   type: 'local' }
19 error addLocal Could not install E:\zacarcalculator\Childcare-Calculator-v2\src\@0.0.5
20 silly fetchPackageMetaData Error: ENOENT: no such file or directory, open 'E:\zacarcalculator\Childcare-Calculator-v2\src\@0.0.5'
20 silly fetchPackageMetaData     at Error (native)
20 silly fetchPackageMetaData  error for @0.0.5 { Error: ENOENT: no such file or directory, open 'E:\zacarcalculator\Childcare-Calculator-v2\src\@0.0.5'
20 silly fetchPackageMetaData     at Error (native)
20 silly fetchPackageMetaData   errno: -4058,
20 silly fetchPackageMetaData   code: 'ENOENT',
20 silly fetchPackageMetaData   syscall: 'open',
20 silly fetchPackageMetaData   path: 'E:\\zacarcalculator\\Childcare-Calculator-v2\\src\\@0.0.5' }
21 verbose request uri https://registry.npmjs.org/open
22 verbose request no auth needed
23 info attempt registry request try #1 at 1:49:18 AM
24 verbose request id aca3e9e90d13ed54
25 verbose etag "5a955407-1e8c"
26 verbose lastModified Tue, 27 Feb 2018 12:50:15 GMT
27 http request GET https://registry.npmjs.org/open
28 http 304 https://registry.npmjs.org/open
29 verbose headers { date: 'Sat, 14 Apr 2018 08:49:21 GMT',
29 verbose headers   via: '1.1 varnish',
29 verbose headers   'cache-control': 'max-age=300',
29 verbose headers   etag: '"5a955407-1e8c"',
29 verbose headers   age: '426',
29 verbose headers   connection: 'keep-alive',
29 verbose headers   'x-served-by': 'cache-bom18226-BOM',
29 verbose headers   'x-cache': 'HIT',
29 verbose headers   'x-cache-hits': '1',
29 verbose headers   'x-timer': 'S1523695761.040761,VS0,VE1',
29 verbose headers   vary: 'Accept-Encoding, Accept' }
30 silly get cb [ 304,
30 silly get   { date: 'Sat, 14 Apr 2018 08:49:21 GMT',
30 silly get     via: '1.1 varnish',
30 silly get     'cache-control': 'max-age=300',
30 silly get     etag: '"5a955407-1e8c"',
30 silly get     age: '426',
30 silly get     connection: 'keep-alive',
30 silly get     'x-served-by': 'cache-bom18226-BOM',
30 silly get     'x-cache': 'HIT',
30 silly get     'x-cache-hits': '1',
30 silly get     'x-timer': 'S1523695761.040761,VS0,VE1',
30 silly get     vary: 'Accept-Encoding, Accept' } ]
31 verbose etag https://registry.npmjs.org/open from cache
32 verbose get saving open to C:\Users\Akhilesh_Singh\AppData\Roaming\npm-cache\registry.npmjs.org\open\.cache.json
33 verbose correctMkdir C:\Users\Akhilesh_Singh\AppData\Roaming\npm-cache correctMkdir not in flight; initializing
34 silly rollbackFailedOptional Starting
35 silly rollbackFailedOptional Finishing
36 silly runTopLevelLifecycles Finishing
37 silly install printInstalled
38 verbose stack Error: ENOENT: no such file or directory, open 'E:\zacarcalculator\Childcare-Calculator-v2\src\@0.0.5'
38 verbose stack     at Error (native)
39 verbose cwd E:\zacarcalculator\Childcare-Calculator-v2\src
40 error Windows_NT 6.2.9200
41 error argv "C:\\Program Files\\nodejs\\node.exe" "C:\\Program Files\\nodejs\\node_modules\\npm\\bin\\npm-cli.js" "install" "open" "@0.0.5"
42 error node v6.10.0
43 error npm  v3.10.10
44 error path E:\zacarcalculator\Childcare-Calculator-v2\src\@0.0.5
45 error code ENOENT
46 error errno -4058
47 error syscall open
48 error enoent ENOENT: no such file or directory, open 'E:\zacarcalculator\Childcare-Calculator-v2\src\@0.0.5'
49 error enoent ENOENT: no such file or directory, open 'E:\zacarcalculator\Childcare-Calculator-v2\src\@0.0.5'
49 error enoent This is most likely not a problem with npm itself
49 error enoent and is related to npm not being able to find a file.
50 verbose exit [ -4058, true ]
